[ERROR][UserDetailSchema.go:41]2021/04/23 15:12:35 [(BadValue) $in needs an array]
[ERROR][TSRPortraitService.go:14]2021/04/23 15:12:35 [(BadValue) $in needs an array]
[ERROR][UserDetailSchema.go:41]2021/04/23 15:12:35 [(BadValue) $in needs an array]
[ERROR][TSRPortraitService.go:14]2021/04/23 15:12:35 [(BadValue) $in needs an array]
[ERROR][UserDetailSchema.go:41]2021/04/23 15:12:50 [(BadValue) $in needs an array]
[ERROR][TSRPortraitService.go:14]2021/04/23 15:12:50 [(BadValue) $in needs an array]
[ERROR][UserDetailSchema.go:41]2021/04/23 15:12:50 [(BadValue) $in needs an array]
[ERROR][TSRPortraitService.go:14]2021/04/23 15:12:50 [(BadValue) $in needs an array]
[ERROR][UserDetailSchema.go:41]2021/04/23 15:14:55 [(BadValue) $in needs an array]
[ERROR][TSRPortraitService.go:14]2021/04/23 15:14:55 [(BadValue) $in needs an array]
[ERROR][UserDetailSchema.go:41]2021/04/23 15:14:55 [(BadValue) $in needs an array]
[ERROR][TSRPortraitService.go:14]2021/04/23 15:14:55 [(BadValue) $in needs an array]
[ERROR][UserDetailSchema.go:41]2021/04/23 15:19:51 [(BadValue) $in needs an array]
[ERROR][TSRPortraitService.go:14]2021/04/23 15:19:51 [(BadValue) $in needs an array]
[ERROR][UserDetailSchema.go:41]2021/04/23 15:19:51 [(BadValue) $in needs an array]
[ERROR][TSRPortraitService.go:14]2021/04/23 15:19:51 [(BadValue) $in needs an array]
[ERROR][UserDetailSchema.go:41]2021/04/23 15:59:30 [(BadValue) $in needs an array]
[ERROR][TSRPortraitService.go:14]2021/04/23 15:59:30 [(BadValue) $in needs an array]
[ERROR][UserDetailSchema.go:41]2021/04/23 15:59:30 [(BadValue) $in needs an array]
[ERROR][TSRPortraitService.go:14]2021/04/23 15:59:30 [(BadValue) $in needs an array]
[ERROR][UserDetailSchema.go:41]2021/04/23 15:59:51 [(BadValue) $in needs an array]
[ERROR][TSRPortraitService.go:14]2021/04/23 15:59:51 [(BadValue) $in needs an array]
[ERROR][UserDetailSchema.go:41]2021/04/23 15:59:51 [(BadValue) $in needs an array]
[ERROR][TSRPortraitService.go:14]2021/04/23 15:59:51 [(BadValue) $in needs an array]
[ERROR][UserDetailSchema.go:41]2021/04/23 16:00:40 [(BadValue) $in needs an array]
[ERROR][TSRPortraitService.go:14]2021/04/23 16:00:40 [(BadValue) $in needs an array]
[ERROR][UserDetailSchema.go:41]2021/04/23 16:00:40 [(BadValue) $in needs an array]
[ERROR][TSRPortraitService.go:14]2021/04/23 16:00:40 [(BadValue) $in needs an array]
[ERROR][UserDetailSchema.go:41]2021/04/23 16:02:13 [(BadValue) $in needs an array]
[ERROR][TSRPortraitService.go:14]2021/04/23 16:02:13 [(BadValue) $in needs an array]
[ERROR][UserDetailSchema.go:41]2021/04/23 16:02:14 [(BadValue) $in needs an array]
[ERROR][TSRPortraitService.go:14]2021/04/23 16:02:14 [(BadValue) $in needs an array]
[ERROR][UserDetailSchema.go:41]2021/04/23 16:03:01 [(BadValue) $in needs an array]
[ERROR][TSRPortraitService.go:14]2021/04/23 16:03:01 [(BadValue) $in needs an array]
[ERROR][UserDetailSchema.go:41]2021/04/23 16:03:10 [(BadValue) $in needs an array]
[ERROR][TSRPortraitService.go:14]2021/04/23 16:03:10 [(BadValue) $in needs an array]
[ERROR][UserDetailSchema.go:41]2021/04/23 16:03:45 [(BadValue) $in needs an array]
[ERROR][TSRPortraitService.go:14]2021/04/23 16:03:45 [(BadValue) $in needs an array]
[ERROR][UserDetailSchema.go:41]2021/04/23 16:07:22 [(BadValue) $in needs an array]
[ERROR][TSRPortraitService.go:14]2021/04/23 16:07:22 [(BadValue) $in needs an array]
[ERROR][UserDetailSchema.go:41]2021/04/23 16:09:31 [(BadValue) $in needs an array]
[ERROR][TSRPortraitService.go:14]2021/04/23 16:09:31 [(BadValue) $in needs an array]
[ERROR][UserDetailSchema.go:41]2021/04/23 16:11:44 [(BadValue) $in needs an array]
[ERROR][TSRPortraitService.go:14]2021/04/23 16:11:44 [(BadValue) $in needs an array]
[ERROR][UserDetailSchema.go:41]2021/04/23 16:11:45 [(BadValue) $in needs an array]
[ERROR][TSRPortraitService.go:14]2021/04/23 16:11:45 [(BadValue) $in needs an array]
[ERROR][UserDetailSchema.go:41]2021/04/23 16:15:42 [(BadValue) $in needs an array]
[ERROR][TSRPortraitService.go:14]2021/04/23 16:15:42 [(BadValue) $in needs an array]
[ERROR][UserDetailSchema.go:41]2021/04/23 16:15:49 [(BadValue) $in needs an array]
[ERROR][TSRPortraitService.go:14]2021/04/23 16:15:49 [(BadValue) $in needs an array]
[ERROR][UserDetailSchema.go:41]2021/04/23 16:16:14 [(BadValue) $in needs an array]
[ERROR][TSRPortraitService.go:14]2021/04/23 16:16:14 [(BadValue) $in needs an array]
[ERROR][UserDetailSchema.go:41]2021/04/23 16:16:31 [(BadValue) $in needs an array]
[ERROR][TSRPortraitService.go:14]2021/04/23 16:16:31 [(BadValue) $in needs an array]
[ERROR][UserDetailSchema.go:41]2021/04/23 16:16:38 [(BadValue) $in needs an array]
[ERROR][TSRPortraitService.go:14]2021/04/23 16:16:38 [(BadValue) $in needs an array]
[ERROR][UserDetailSchema.go:41]2021/04/23 16:16:51 [(BadValue) $in needs an array]
[ERROR][TSRPortraitService.go:14]2021/04/23 16:16:51 [(BadValue) $in needs an array]
[ERROR][UserDetailSchema.go:41]2021/04/23 16:18:32 [(BadValue) $in needs an array]
[ERROR][TSRPortraitService.go:14]2021/04/23 16:18:32 [(BadValue) $in needs an array]
[ERROR][UserDetailSchema.go:41]2021/04/23 16:18:48 [(BadValue) $in needs an array]
[ERROR][TSRPortraitService.go:14]2021/04/23 16:18:48 [(BadValue) $in needs an array]
[ERROR][UserDetailSchema.go:41]2021/04/23 16:19:11 [(BadValue) $in needs an array]
[ERROR][TSRPortraitService.go:14]2021/04/23 16:19:11 [(BadValue) $in needs an array]
[ERROR][UserDetailSchema.go:41]2021/04/23 16:22:01 [(BadValue) $in needs an array]
[ERROR][TSRPortraitService.go:14]2021/04/23 16:22:01 [(BadValue) $in needs an array]
[ERROR][UserDetailSchema.go:41]2021/04/23 16:22:35 [(BadValue) $in needs an array]
[ERROR][TSRPortraitService.go:14]2021/04/23 16:22:35 [(BadValue) $in needs an array]
[ERROR][UserDetailSchema.go:41]2021/04/23 16:23:42 [(BadValue) $in needs an array]
[ERROR][TSRPortraitService.go:14]2021/04/23 16:23:42 [(BadValue) $in needs an array]
[ERROR][UserDetailSchema.go:41]2021/04/23 16:26:01 [(BadValue) $in needs an array]
[ERROR][TSRPortraitService.go:14]2021/04/23 16:26:01 [(BadValue) $in needs an array]
[ERROR][UserDetailSchema.go:41]2021/04/23 16:26:57 [(BadValue) $in needs an array]
[ERROR][TSRPortraitService.go:14]2021/04/23 16:26:57 [(BadValue) $in needs an array]
[ERROR][TSRPortraitController.go:33]2021/04/23 16:42:45 [error decoding key 省份: cannot decode string into a float32 or float64 type]
[ERROR][TSRPortraitGradeSchema.go:124]2021/04/23 16:49:21 [error decoding key 省份: cannot decode string into a float32 or float64 type]
[ERROR][TSRPortraitGradeSchema.go:139]2021/04/23 16:49:21 [error decoding key 省份: cannot decode string into a float32 or float64 type]
[ERROR][TSRPortraitGradeSchema.go:158]2021/04/23 16:49:21 [error decoding key 省份: cannot decode string into a float32 or float64 type]
[ERROR][TSRPortraitGradeSchema.go:83]2021/04/23 16:49:21 [error decoding key 省份: cannot decode string into a float32 or float64 type]
[ERROR][TSRPortraitGradeSchema.go:33]2021/04/23 16:49:21 [error decoding key 省份: cannot decode string into a float32 or float64 type]
[ERROR][TSRPortraitService.go:24]2021/04/23 16:49:21 [error decoding key 省份: cannot decode string into a float32 or float64 type]
[ERROR][TSRPortraitController.go:33]2021/04/23 16:49:21 [error decoding key 省份: cannot decode string into a float32 or float64 type]
[ERROR][TSRPortraitGradeSchema.go:124]2021/04/23 16:51:54 [error decoding key 客户姓名: cannot decode string into a float32 or float64 type]
[ERROR][TSRPortraitGradeSchema.go:139]2021/04/23 16:51:54 [error decoding key 客户姓名: cannot decode string into a float32 or float64 type]
[ERROR][TSRPortraitGradeSchema.go:158]2021/04/23 16:51:54 [error decoding key 客户姓名: cannot decode string into a float32 or float64 type]
[ERROR][TSRPortraitGradeSchema.go:83]2021/04/23 16:51:54 [error decoding key 客户姓名: cannot decode string into a float32 or float64 type]
[ERROR][TSRPortraitGradeSchema.go:33]2021/04/23 16:51:54 [error decoding key 客户姓名: cannot decode string into a float32 or float64 type]
[ERROR][TSRPortraitService.go:24]2021/04/23 16:51:54 [error decoding key 客户姓名: cannot decode string into a float32 or float64 type]
[ERROR][TSRPortraitController.go:33]2021/04/23 16:51:54 [error decoding key 客户姓名: cannot decode string into a float32 or float64 type]
